This file contains any messages produced by compilers while
running configure, to aid debugging if configure makes a mistake.

It was created by configure, which was
generated by GNU Autoconf 2.59.  Invocation command line was

  $ ./configure 

## --------- ##
## Platform. ##
## --------- ##

hostname = seewalze
uname -m = x86_64
uname -r = 4.13.0-46-generic
uname -s = Linux
uname -v = #51-Ubuntu SMP Tue Jun 12 12:36:29 UTC 2018

/usr/bin/uname -p = unknown
/bin/uname -X     = unknown

/bin/arch              = unknown
/usr/bin/arch -k       = unknown
/usr/convex/getsysinfo = unknown
hostinfo               = unknown
/bin/machine           = unknown
/usr/bin/oslevel       = unknown
/bin/universe          = unknown

PATH: /usr/local/sbin
PATH: /usr/local/bin
PATH: /usr/sbin
PATH: /usr/bin
PATH: /sbin
PATH: /bin
PATH: /usr/games
PATH: /usr/local/games
PATH: /snap/bin


## ----------- ##
## Core tests. ##
## ----------- ##

configure:1298: checking for a BSD-compatible install
configure:1353: result: /usr/bin/install -c
configure:1364: checking whether build environment is sane
configure:1407: result: yes
configure:1422: checking whether make sets $(MAKE)
configure:1442: result: yes
configure:1474: checking for working aclocal-1.4
configure:1485: result: missing
configure:1489: checking for working autoconf
configure:1500: result: missing
configure:1504: checking for working automake-1.4
configure:1515: result: missing
configure:1519: checking for working autoheader
configure:1530: result: missing
configure:1534: checking for working makeinfo
configure:1545: result: missing
configure:1597: checking for gcc
configure:1613: found /usr/bin/gcc
configure:1623: result: gcc
configure:1867: checking for C compiler version
configure:1870: gcc --version </dev/null >&5
gcc (Ubuntu 7.2.0-8ubuntu3.2) 7.2.0
Copyright (C) 2017 Free Software Foundation, Inc.
This is free software; see the source for copying conditions.  There is NO
warranty; not even for MERCHANTABILITY or FITNESS FOR A PARTICULAR PURPOSE.

configure:1873: $? = 0
configure:1875: gcc -v </dev/null >&5
Using built-in specs.
COLLECT_GCC=gcc
COLLECT_LTO_WRAPPER=/usr/lib/gcc/x86_64-linux-gnu/7/lto-wrapper
OFFLOAD_TARGET_NAMES=nvptx-none
OFFLOAD_TARGET_DEFAULT=1
Target: x86_64-linux-gnu
Configured with: ../src/configure -v --with-pkgversion='Ubuntu 7.2.0-8ubuntu3.2' --with-bugurl=file:///usr/share/doc/gcc-7/README.Bugs --enable-languages=c,ada,c++,go,brig,d,fortran,objc,obj-c++ --prefix=/usr --with-gcc-major-version-only --program-suffix=-7 --program-prefix=x86_64-linux-gnu- --enable-shared --enable-linker-build-id --libexecdir=/usr/lib --without-included-gettext --enable-threads=posix --libdir=/usr/lib --enable-nls --with-sysroot=/ --enable-clocale=gnu --enable-libstdcxx-debug --enable-libstdcxx-time=yes --with-default-libstdcxx-abi=new --enable-gnu-unique-object --disable-vtable-verify --enable-libmpx --enable-plugin --enable-default-pie --with-system-zlib --with-target-system-zlib --enable-objc-gc=auto --enable-multiarch --disable-werror --with-arch-32=i686 --with-abi=m64 --with-multilib-list=m32,m64,mx32 --enable-multilib --with-tune=generic --enable-offload-targets=nvptx-none --without-cuda-driver --enable-checking=release --build=x86_64-linux-gnu --host=x86_64-linux-gnu --target=x86_64-linux-gnu
Thread model: posix
gcc version 7.2.0 (Ubuntu 7.2.0-8ubuntu3.2) 
configure:1878: $? = 0
configure:1880: gcc -V </dev/null >&5
gcc: error: unrecognized command line option '-V'
gcc: fatal error: no input files
compilation terminated.
configure:1883: $? = 1
configure:1906: checking for C compiler default output file name
configure:1909: gcc    conftest.c  >&5
configure:1912: $? = 0
configure:1958: result: a.out
configure:1963: checking whether the C compiler works
configure:1969: ./a.out
configure:1972: $? = 0
configure:1989: result: yes
configure:1996: checking whether we are cross compiling
configure:1998: result: no
configure:2001: checking for suffix of executables
configure:2003: gcc -o conftest    conftest.c  >&5
configure:2006: $? = 0
configure:2031: result: 
configure:2037: checking for suffix of object files
configure:2058: gcc -c   conftest.c >&5
configure:2061: $? = 0
configure:2083: result: o
configure:2087: checking whether we are using the GNU C compiler
configure:2111: gcc -c   conftest.c >&5
configure:2117: $? = 0
configure:2120: test -z 			 || test ! -s conftest.err
configure:2123: $? = 0
configure:2126: test -s conftest.o
configure:2129: $? = 0
configure:2142: result: yes
configure:2148: checking whether gcc accepts -g
configure:2169: gcc -c -g  conftest.c >&5
configure:2175: $? = 0
configure:2178: test -z 			 || test ! -s conftest.err
configure:2181: $? = 0
configure:2184: test -s conftest.o
configure:2187: $? = 0
configure:2198: result: yes
configure:2215: checking for gcc option to accept ANSI C
configure:2285: gcc  -c -g -O2  conftest.c >&5
configure:2291: $? = 0
configure:2294: test -z 			 || test ! -s conftest.err
configure:2297: $? = 0
configure:2300: test -s conftest.o
configure:2303: $? = 0
configure:2321: result: none needed
configure:2339: gcc -c -g -O2  conftest.c >&5
conftest.c:2:3: error: unknown type name 'choke'
   choke me
   ^~~~~
conftest.c:2:3: error: expected '=', ',', ';', 'asm' or '__attribute__' at end of input
configure:2345: $? = 1
configure: failed program was:
| #ifndef __cplusplus
|   choke me
| #endif
configure:2527: checking for g++
configure:2543: found /usr/bin/g++
configure:2553: result: g++
configure:2569: checking for C++ compiler version
configure:2572: g++ --version </dev/null >&5
g++ (Ubuntu 7.2.0-8ubuntu3.2) 7.2.0
Copyright (C) 2017 Free Software Foundation, Inc.
This is free software; see the source for copying conditions.  There is NO
warranty; not even for MERCHANTABILITY or FITNESS FOR A PARTICULAR PURPOSE.

configure:2575: $? = 0
configure:2577: g++ -v </dev/null >&5
Using built-in specs.
COLLECT_GCC=g++
COLLECT_LTO_WRAPPER=/usr/lib/gcc/x86_64-linux-gnu/7/lto-wrapper
OFFLOAD_TARGET_NAMES=nvptx-none
OFFLOAD_TARGET_DEFAULT=1
Target: x86_64-linux-gnu
Configured with: ../src/configure -v --with-pkgversion='Ubuntu 7.2.0-8ubuntu3.2' --with-bugurl=file:///usr/share/doc/gcc-7/README.Bugs --enable-languages=c,ada,c++,go,brig,d,fortran,objc,obj-c++ --prefix=/usr --with-gcc-major-version-only --program-suffix=-7 --program-prefix=x86_64-linux-gnu- --enable-shared --enable-linker-build-id --libexecdir=/usr/lib --without-included-gettext --enable-threads=posix --libdir=/usr/lib --enable-nls --with-sysroot=/ --enable-clocale=gnu --enable-libstdcxx-debug --enable-libstdcxx-time=yes --with-default-libstdcxx-abi=new --enable-gnu-unique-object --disable-vtable-verify --enable-libmpx --enable-plugin --enable-default-pie --with-system-zlib --with-target-system-zlib --enable-objc-gc=auto --enable-multiarch --disable-werror --with-arch-32=i686 --with-abi=m64 --with-multilib-list=m32,m64,mx32 --enable-multilib --with-tune=generic --enable-offload-targets=nvptx-none --without-cuda-driver --enable-checking=release --build=x86_64-linux-gnu --host=x86_64-linux-gnu --target=x86_64-linux-gnu
Thread model: posix
gcc version 7.2.0 (Ubuntu 7.2.0-8ubuntu3.2) 
configure:2580: $? = 0
configure:2582: g++ -V </dev/null >&5
g++: error: unrecognized command line option '-V'
g++: fatal error: no input files
compilation terminated.
configure:2585: $? = 1
configure:2588: checking whether we are using the GNU C++ compiler
configure:2612: g++ -c   conftest.cc >&5
configure:2618: $? = 0
configure:2621: test -z 			 || test ! -s conftest.err
configure:2624: $? = 0
configure:2627: test -s conftest.o
configure:2630: $? = 0
configure:2643: result: yes
configure:2649: checking whether g++ accepts -g
configure:2670: g++ -c -g  conftest.cc >&5
configure:2676: $? = 0
configure:2679: test -z 			 || test ! -s conftest.err
configure:2682: $? = 0
configure:2685: test -s conftest.o
configure:2688: $? = 0
configure:2699: result: yes
configure:2741: g++ -c -g -O2  conftest.cc >&5
configure:2747: $? = 0
configure:2750: test -z 			 || test ! -s conftest.err
configure:2753: $? = 0
configure:2756: test -s conftest.o
configure:2759: $? = 0
configure:2785: g++ -c -g -O2  conftest.cc >&5
conftest.cc: In function 'int main()':
conftest.cc:15:1: error: 'exit' was not declared in this scope
 exit (42);
 ^~~~
configure:2791: $? = 1
configure: failed program was:
| /* confdefs.h.  */
| 
| #define PACKAGE_NAME ""
| #define PACKAGE_TARNAME ""
| #define PACKAGE_VERSION ""
| #define PACKAGE_STRING ""
| #define PACKAGE_BUGREPORT ""
| #define PACKAGE "rdsd"
| #define VERSION "0.0.1"
| /* end confdefs.h.  */
| 
| int
| main ()
| {
| exit (42);
|   ;
|   return 0;
| }
configure:2741: g++ -c -g -O2  conftest.cc >&5
configure:2747: $? = 0
configure:2750: test -z 			 || test ! -s conftest.err
configure:2753: $? = 0
configure:2756: test -s conftest.o
configure:2759: $? = 0
configure:2785: g++ -c -g -O2  conftest.cc >&5
configure:2791: $? = 0
configure:2794: test -z 			 || test ! -s conftest.err
configure:2797: $? = 0
configure:2800: test -s conftest.o
configure:2803: $? = 0
configure:2839: checking for a BSD-compatible install
configure:2894: result: /usr/bin/install -c
configure:2905: checking whether make sets $(MAKE)
configure:2925: result: yes
configure:3079: creating ./config.status

## ---------------------- ##
## Running config.status. ##
## ---------------------- ##

This file was extended by config.status, which was
generated by GNU Autoconf 2.59.  Invocation command line was

  CONFIG_FILES    = 
  CONFIG_HEADERS  = 
  CONFIG_LINKS    = 
  CONFIG_COMMANDS = 
  $ ./config.status 

on seewalze

config.status:690: creating Makefile
config.status:690: creating src/Makefile

## ---------------- ##
## Cache variables. ##
## ---------------- ##

ac_cv_c_compiler_gnu=yes
ac_cv_cxx_compiler_gnu=yes
ac_cv_env_CC_set=
ac_cv_env_CC_value=
ac_cv_env_CFLAGS_set=
ac_cv_env_CFLAGS_value=
ac_cv_env_CPPFLAGS_set=
ac_cv_env_CPPFLAGS_value=
ac_cv_env_CXXFLAGS_set=
ac_cv_env_CXXFLAGS_value=
ac_cv_env_CXX_set=
ac_cv_env_CXX_value=
ac_cv_env_LDFLAGS_set=
ac_cv_env_LDFLAGS_value=
ac_cv_env_build_alias_set=
ac_cv_env_build_alias_value=
ac_cv_env_host_alias_set=
ac_cv_env_host_alias_value=
ac_cv_env_target_alias_set=
ac_cv_env_target_alias_value=
ac_cv_exeext=
ac_cv_objext=o
ac_cv_path_install='/usr/bin/install -c'
ac_cv_prog_ac_ct_CC=gcc
ac_cv_prog_ac_ct_CXX=g++
ac_cv_prog_cc_g=yes
ac_cv_prog_cc_stdc=
ac_cv_prog_cxx_g=yes
ac_cv_prog_make_make_set=yes

## ----------------- ##
## Output variables. ##
## ----------------- ##

ACLOCAL='/home/spark/TMP/RDS/rdsd/rdsd/trunk/rdsd/missing aclocal-1.4'
AUTOCONF='/home/spark/TMP/RDS/rdsd/rdsd/trunk/rdsd/missing autoconf'
AUTOHEADER='/home/spark/TMP/RDS/rdsd/rdsd/trunk/rdsd/missing autoheader'
AUTOMAKE='/home/spark/TMP/RDS/rdsd/rdsd/trunk/rdsd/missing automake-1.4'
CC='gcc'
CFLAGS='-g -O2'
CPPFLAGS=''
CXX='g++'
CXXFLAGS='-g -O2'
DEFS='-DPACKAGE_NAME=\"\" -DPACKAGE_TARNAME=\"\" -DPACKAGE_VERSION=\"\" -DPACKAGE_STRING=\"\" -DPACKAGE_BUGREPORT=\"\" -DPACKAGE=\"rdsd\" -DVERSION=\"0.0.1\" '
ECHO_C=''
ECHO_N='-n'
ECHO_T=''
EXEEXT=''
INSTALL_DATA='${INSTALL} -m 644'
INSTALL_PROGRAM='${INSTALL}'
INSTALL_SCRIPT='${INSTALL}'
LDFLAGS=''
LIBOBJS=''
LIBS=''
LTLIBOBJS=''
MAKEINFO='/home/spark/TMP/RDS/rdsd/rdsd/trunk/rdsd/missing makeinfo'
OBJEXT='o'
PACKAGE='rdsd'
PACKAGE_BUGREPORT=''
PACKAGE_NAME=''
PACKAGE_STRING=''
PACKAGE_TARNAME=''
PACKAGE_VERSION=''
PATH_SEPARATOR=':'
SET_MAKE=''
SHELL='/bin/bash'
VERSION='0.0.1'
ac_ct_CC='gcc'
ac_ct_CXX='g++'
bindir='${exec_prefix}/bin'
build_alias=''
datadir='${prefix}/share'
exec_prefix='${prefix}'
host_alias=''
includedir='${prefix}/include'
infodir='${prefix}/info'
libdir='${exec_prefix}/lib'
libexecdir='${exec_prefix}/libexec'
localstatedir='${prefix}/var'
mandir='${prefix}/man'
oldincludedir='/usr/include'
prefix='/usr/local'
program_transform_name='s,x,x,'
sbindir='${exec_prefix}/sbin'
sharedstatedir='${prefix}/com'
sysconfdir='${prefix}/etc'
target_alias=''

## ----------- ##
## confdefs.h. ##
## ----------- ##

#define PACKAGE "rdsd"
#define PACKAGE_BUGREPORT ""
#define PACKAGE_NAME ""
#define PACKAGE_STRING ""
#define PACKAGE_TARNAME ""
#define PACKAGE_VERSION ""
#define VERSION "0.0.1"
#endif
#ifdef __cplusplus
extern "C" void std::exit (int) throw (); using std::exit;

configure: exit 0
